Program
ActorDeclaration
Identifier Bridge
VarDeclaration
Train
Identifier Train
Identifier t1
VarDeclaration
Train
Identifier Train
Identifier t2
VarDeclaration
boolean
Identifier isWaiting1
VarDeclaration
boolean
Identifier isWaiting2
VarDeclaration
boolean
Identifier signal1
VarDeclaration
boolean
Identifier signal2
InitHandlerDeclaration
Identifier initial
Assign
Identifier signal1
BooleanValue false
Assign
Identifier signal2
BooleanValue false
Assign
Identifier isWaiting1
BooleanValue false
Assign
Identifier isWaiting2
BooleanValue false
MsgHandlerDeclaration
Identifier Arrive
Conditional
BinaryExpression eq
Sender
Identifier t1
Block
Conditional
BinaryExpression eq
Identifier signal2
BooleanValue false
Block
Assign
Identifier signal1
BooleanValue true
MsgHandlerCall
Identifier t1
Identifier YouMayPass
Block
Assign
Identifier isWaiting1
BooleanValue true
Block
Conditional
BinaryExpression eq
Identifier signal1
BooleanValue false
Block
Assign
Identifier signal2
BooleanValue true
MsgHandlerCall
Identifier t2
Identifier YouMayPass
Block
Assign
Identifier isWaiting2
BooleanValue true
MsgHandlerDeclaration
Identifier Leave
Conditional
BinaryExpression eq
Sender
Identifier t1
Block
Assign
Identifier signal1
BooleanValue false
Conditional
Identifier isWaiting2
Block
Assign
Identifier signal2
BooleanValue true
MsgHandlerCall
Identifier t2
Identifier YouMayPass
Assign
Identifier isWaiting2
BooleanValue false
Block
Assign
Identifier signal2
BooleanValue false
Conditional
Identifier isWaiting1
Block
Assign
Identifier signal1
BooleanValue true
MsgHandlerCall
Identifier t1
Identifier YouMayPass
Assign
Identifier isWaiting1
BooleanValue false
ActorDeclaration
Identifier Train
VarDeclaration
Bridge
Identifier Bridge
Identifier control
VarDeclaration
boolean
Identifier onBridge
InitHandlerDeclaration
Identifier initial
Assign
Identifier onBridge
BooleanValue false
MsgHandlerCall
Self
Identifier Passed
MsgHandlerDeclaration
Identifier YouMayPass
Assign
Identifier onBridge
BooleanValue true
Print
StringValue "YOu May Pass!"
MsgHandlerCall
Self
Identifier ReachBridge
MsgHandlerDeclaration
Identifier Passed
Assign
Identifier onBridge
BooleanValue false
MsgHandlerCall
Identifier control
Identifier Leave
MsgHandlerCall
Self
Identifier ReachBridge
MsgHandlerDeclaration
Identifier ReachBridge
MsgHandlerCall
Identifier control
Identifier Arrive
Main
ActorInstantiation
Train
Identifier Train
Identifier train1
Identifier theController
ActorInstantiation
Train
Identifier Train
Identifier train2
Identifier theController
ActorInstantiation
Bridge
Identifier Bridge
Identifier theController
Identifier train1
Identifier train2
